Copyright 1986-2019 Xilinx, Inc. All Rights Reserved.
----------------------------------------------------------------------------------------------------------------------------------------------------------
| Tool Version     : Vivado v.2019.1.3 (win64) Build 2644227 Wed Sep  4 09:45:24 MDT 2019
| Date             : Sat Feb  8 21:01:37 2020
| Host             : XPS15 running 64-bit major release  (build 9200)
| Command          : report_power -file base_wrapper_power_routed.rpt -pb base_wrapper_power_summary_routed.pb -rpx base_wrapper_power_routed.rpx
| Design           : base_wrapper
| Device           : xc7z020clg400-1
| Design State     : routed
| Grade            : commercial
| Process          : typical
| Characterization : Production
----------------------------------------------------------------------------------------------------------------------------------------------------------

Power Report

Table of Contents
-----------------
1. Summary
1.1 On-Chip Components
1.2 Power Supply Summary
1.3 Confidence Level
2. Settings
2.1 Environment
2.2 Clock Constraints
3. Detailed Reports
3.1 By Hierarchy

1. Summary
----------

+--------------------------+--------------+
| Total On-Chip Power (W)  | 2.540        |
| Design Power Budget (W)  | Unspecified* |
| Power Budget Margin (W)  | NA           |
| Dynamic (W)              | 2.360        |
| Device Static (W)        | 0.180        |
| Effective TJA (C/W)      | 11.5         |
| Max Ambient (C)          | 55.7         |
| Junction Temperature (C) | 54.3         |
| Confidence Level         | Low          |
| Setting File             | ---          |
| Simulation Activity File | ---          |
| Design Nets Matched      | NA           |
+--------------------------+--------------+
* Specify Design Power Budget using, set_operating_conditions -design_power_budget <value in Watts>


1.1 On-Chip Components
----------------------

+--------------------------+-----------+----------+-----------+-----------------+
| On-Chip                  | Power (W) | Used     | Available | Utilization (%) |
+--------------------------+-----------+----------+-----------+-----------------+
| Clocks                   |     0.169 |       19 |       --- |             --- |
| Slice Logic              |     0.099 |   112635 |       --- |             --- |
|   LUT as Logic           |     0.084 |    38249 |     53200 |           71.90 |
|   Register               |     0.008 |    55216 |    106400 |           51.89 |
|   CARRY4                 |     0.004 |     1538 |     13300 |           11.56 |
|   LUT as Distributed RAM |     0.003 |      420 |     17400 |            2.41 |
|   F7/F8 Muxes            |    <0.001 |      992 |     53200 |            1.86 |
|   LUT as Shift Register  |    <0.001 |     1353 |     17400 |            7.78 |
|   Others                 |    <0.001 |     5689 |       --- |             --- |
| Signals                  |     0.159 |    81582 |       --- |             --- |
| Block RAM                |     0.108 |       81 |       140 |           57.86 |
| MMCM                     |     0.300 |        3 |         4 |           75.00 |
| DSPs                     |     0.019 |       21 |       220 |            9.55 |
| I/O                      |     0.231 |      119 |       125 |           95.20 |
| XADC                     |     0.002 |        1 |       --- |             --- |
| PS7                      |     1.272 |        1 |       --- |             --- |
| Static Power             |     0.180 |          |           |                 |
| Total                    |     2.540 |          |           |                 |
+--------------------------+-----------+----------+-----------+-----------------+


1.2 Power Supply Summary
------------------------

+-----------+-------------+-----------+-------------+------------+
| Source    | Voltage (V) | Total (A) | Dynamic (A) | Static (A) |
+-----------+-------------+-----------+-------------+------------+
| Vccint    |       1.000 |     0.581 |       0.555 |      0.026 |
| Vccaux    |       1.800 |     0.203 |       0.184 |      0.019 |
| Vcco33    |       3.300 |     0.059 |       0.058 |      0.001 |
| Vcco25    |       2.500 |     0.000 |       0.000 |      0.000 |
| Vcco18    |       1.800 |     0.000 |       0.000 |      0.000 |
| Vcco15    |       1.500 |     0.000 |       0.000 |      0.000 |
| Vcco135   |       1.350 |     0.000 |       0.000 |      0.000 |
| Vcco12    |       1.200 |     0.000 |       0.000 |      0.000 |
| Vccaux_io |       1.800 |     0.000 |       0.000 |      0.000 |
| Vccbram   |       1.000 |     0.017 |       0.009 |      0.009 |
| MGTAVcc   |       1.000 |     0.000 |       0.000 |      0.000 |
| MGTAVtt   |       1.200 |     0.000 |       0.000 |      0.000 |
| MGTVccaux |       1.800 |     0.000 |       0.000 |      0.000 |
| Vccpint   |       1.000 |     0.705 |       0.663 |      0.042 |
| Vccpaux   |       1.800 |     0.037 |       0.026 |      0.010 |
| Vccpll    |       1.800 |     0.017 |       0.014 |      0.003 |
| Vcco_ddr  |       1.500 |     0.354 |       0.352 |      0.002 |
| Vcco_mio0 |       1.800 |     0.004 |       0.003 |      0.001 |
| Vcco_mio1 |       1.800 |     0.003 |       0.002 |      0.001 |
| Vccadc    |       1.800 |     0.021 |       0.001 |      0.020 |
+-----------+-------------+-----------+-------------+------------+


1.3 Confidence Level
--------------------

+-----------------------------+------------+--------------------------------------------------------+------------------------------------------------------------------------------------------------------------+
| User Input Data             | Confidence | Details                                                | Action                                                                                                     |
+-----------------------------+------------+--------------------------------------------------------+------------------------------------------------------------------------------------------------------------+
| Design implementation state | High       | Design is routed                                       |                                                                                                            |
| Clock nodes activity        | High       | User specified more than 95% of clocks                 |                                                                                                            |
| I/O nodes activity          | Low        | More than 75% of inputs are missing user specification | Provide missing input activity with simulation results or by editing the "By Resource Type -> I/Os" view   |
| Internal nodes activity     | Medium     | User specified less than 25% of internal nodes         | Provide missing internal nodes activity with simulation results or by editing the "By Resource Type" views |
| Device models               | High       | Device models are Production                           |                                                                                                            |
|                             |            |                                                        |                                                                                                            |
| Overall confidence level    | Low        |                                                        |                                                                                                            |
+-----------------------------+------------+--------------------------------------------------------+------------------------------------------------------------------------------------------------------------+


2. Settings
-----------

2.1 Environment
---------------

+-----------------------+------------------------+
| Ambient Temp (C)      | 25.0                   |
| ThetaJA (C/W)         | 11.5                   |
| Airflow (LFM)         | 250                    |
| Heat Sink             | none                   |
| ThetaSA (C/W)         | 0.0                    |
| Board Selection       | medium (10"x10")       |
| # of Board Layers     | 8to11 (8 to 11 Layers) |
| Board Temperature (C) | 25.0                   |
+-----------------------+------------------------+


2.2 Clock Constraints
---------------------

+--------------------------------------------------------+--------------------------------------------------------------------------------------+-----------------+
| Clock                                                  | Domain                                                                               | Constraint (ns) |
+--------------------------------------------------------+--------------------------------------------------------------------------------------+-----------------+
| CLKFBIN                                                | base_i/video/hdmi_in/frontend/dvi2rgb_0/U0/TMDS_ClockingX/CLKFBIN                    |             8.3 |
| CLK_OUT_5x_hdmi_clk                                    | base_i/video/hdmi_in/frontend/dvi2rgb_0/U0/TMDS_ClockingX/CLK_OUT_5x_hdmi_clk        |             1.7 |
| I                                                      | base_i/video/hdmi_out/frontend/axi_dynclk/U0/Inst_mmcme2_drp/I                       |             2.0 |
| I                                                      | base_i/video/hdmi_out/frontend/axi_dynclk/U0/PXL_CLK_5X_O                            |             2.0 |
| axi_dynclk_0_PXL_CLK_O                                 | base_i/video/hdmi_out/frontend/axi_dynclk/U0/PXL_CLK_O                               |            10.0 |
| base_i/mdm_1/U0/Use_E2.BSCAN_I/Use_E2.BSCANE2_I/DRCK   | base_i/mdm_1/U0/Use_E2.BSCAN_I/DRCK                                                  |            33.3 |
| base_i/mdm_1/U0/Use_E2.BSCAN_I/Use_E2.BSCANE2_I/UPDATE | base_i/mdm_1/U0/Use_E2.BSCAN_I/Ext_JTAG_UPDATE                                       |            33.3 |
| clk_fpga_0                                             | base_i/ps7_0/inst/FCLK_CLK0                                                          |            10.0 |
| clk_fpga_0                                             | base_i/ps7_0/inst/FCLK_CLK_unbuffered[0]                                             |            10.0 |
| clk_fpga_1                                             | base_i/ps7_0/inst/FCLK_CLK_unbuffered[1]                                             |             7.0 |
| clk_fpga_2                                             | base_i/ps7_0/inst/FCLK_CLK_unbuffered[2]                                             |             5.0 |
| clk_fpga_3                                             | base_i/ps7_0/inst/FCLK_CLK_unbuffered[3]                                             |            10.0 |
| clk_out1_base_clk_wiz_10MHz_0                          | base_i/clk_wiz_10MHz/inst/clk_out1_base_clk_wiz_10MHz_0                              |           100.0 |
| clkfbout_base_clk_wiz_10MHz_0                          | base_i/clk_wiz_10MHz/inst/clkfbout_base_clk_wiz_10MHz_0                              |            20.0 |
| hdmi_in_PixelClk                                       | base_i/video/hdmi_in/frontend/dvi2rgb_0/U0/TMDS_ClockingX/rMMCM_LckdRisingFlag_reg_0 |             8.3 |
| hdmi_in_clk_p                                          | hdmi_in_clk_p                                                                        |             8.3 |
| mmcm_fbclk_out                                         | base_i/video/hdmi_out/frontend/axi_dynclk/U0/Inst_mmcme2_drp/mmcm_fbclk_out          |            10.0 |
+--------------------------------------------------------+--------------------------------------------------------------------------------------+-----------------+


3. Detailed Reports
-------------------

3.1 By Hierarchy
----------------

+-----------------------------------+-----------+
| Name                              | Power (W) |
+-----------------------------------+-----------+
| base_wrapper                      |     2.360 |
|   IIC_1_scl_iobuf                 |     0.005 |
|   IIC_1_sda_iobuf                 |     0.005 |
|   arduino_gpio_tri_iobuf_0        |     0.001 |
|   arduino_gpio_tri_iobuf_1        |     0.001 |
|   arduino_gpio_tri_iobuf_10       |     0.001 |
|   arduino_gpio_tri_iobuf_11       |     0.001 |
|   arduino_gpio_tri_iobuf_13       |     0.001 |
|   arduino_gpio_tri_iobuf_19       |     0.001 |
|   arduino_gpio_tri_iobuf_2        |     0.001 |
|   arduino_gpio_tri_iobuf_3        |     0.001 |
|   arduino_gpio_tri_iobuf_9        |     0.001 |
|   base_i                          |     2.293 |
|     audio_codec_ctrl_0            |     0.001 |
|       U0                          |     0.001 |
|     audio_ctrl_codec_interconnect |     0.003 |
|       s01_couplers                |     0.002 |
|     axi_interconnect_0            |     0.006 |
|       xbar                        |     0.006 |
|     axi_mem_intercon              |     0.002 |
|     clk_wiz_10MHz                 |     0.107 |
|       inst                        |     0.107 |
|     iop_arduino                   |     0.092 |
|       arduino_gpio                |     0.002 |
|       iic_direct                  |     0.002 |
|       io_switch                   |     0.001 |
|       lmb                         |     0.024 |
|       mb                          |     0.012 |
|       mb_bram_ctrl                |     0.002 |
|       microblaze_0_axi_periph     |     0.015 |
|       spi_subsystem               |     0.008 |
|       timers_subsystem            |     0.020 |
|       xadc                        |     0.003 |
|     iop_pmoda                     |     0.057 |
|       iic                         |     0.002 |
|       io_switch                   |     0.001 |
|       lmb                         |     0.023 |
|       mb                          |     0.011 |
|       mb_bram_ctrl                |     0.003 |
|       microblaze_0_axi_periph     |     0.009 |
|       spi                         |     0.004 |
|       timer                       |     0.003 |
|     iop_pmodb                     |     0.059 |
|       iic                         |     0.002 |
|       io_switch                   |     0.001 |
|       lmb                         |     0.025 |
|       mb                          |     0.011 |
|       mb_bram_ctrl                |     0.002 |
|       microblaze_0_axi_periph     |     0.009 |
|       spi                         |     0.004 |
|       timer                       |     0.003 |
|     iop_rpi                       |     0.071 |
|       iic_subsystem               |     0.004 |
|       io_switch                   |     0.001 |
|       lmb                         |     0.024 |
|       mb                          |     0.011 |
|       mb_bram_ctrl                |     0.002 |
|       microblaze_0_axi_periph     |     0.010 |
|       rpi_gpio                    |     0.002 |
|       spi_subsystem               |     0.008 |
|       timers_subsystem            |     0.007 |
|     ps7_0                         |     1.276 |
|       inst                        |     1.276 |
|     ps7_0_axi_periph              |     0.046 |
|       m00_couplers                |     0.005 |
|       m01_couplers                |     0.001 |
|       m02_couplers                |     0.004 |
|       m03_couplers                |     0.004 |
|       m04_couplers                |     0.005 |
|       m05_couplers                |     0.004 |
|       m06_couplers                |     0.001 |
|       m07_couplers                |     0.005 |
|       m08_couplers                |     0.004 |
|       s00_couplers                |     0.002 |
|       xbar                        |     0.011 |
|     ps7_0_axi_periph1             |     0.015 |
|       m00_couplers                |     0.002 |
|       m01_couplers                |     0.002 |
|       m02_couplers                |     0.002 |
|       m03_couplers                |     0.002 |
|       s00_couplers                |     0.002 |
|       xbar                        |     0.006 |
|     ps7_0_axi_periph_1            |     0.004 |
|       s00_couplers                |     0.003 |
|     pynq_dsp_hls_0                |     0.024 |
|       inst                        |     0.024 |
|     system_interrupts             |     0.001 |
|       U0                          |     0.001 |
|     trace_analyzer_pi             |     0.011 |
|       axi_dma_0                   |     0.005 |
|       axis_data_fifo_0            |     0.002 |
|       trace_cntrl_64_0            |     0.003 |
|     trace_analyzer_pmodb          |     0.008 |
|       axi_dma_0                   |     0.005 |
|       axis_data_fifo_0            |     0.001 |
|       trace_cntrl_32_0            |     0.002 |
|     video                         |     0.505 |
|       axi_interconnect_0          |     0.016 |
|       axi_mem_intercon            |     0.006 |
|       axi_vdma                    |     0.021 |
|       hdmi_in                     |     0.183 |
|       hdmi_out                    |     0.279 |
|   pmoda_rpi_gpio_tri_iobuf_0      |     0.001 |
|   pmoda_rpi_gpio_tri_iobuf_3      |     0.001 |
|   pmoda_rpi_gpio_tri_iobuf_4      |     0.001 |
|   pmoda_rpi_gpio_tri_iobuf_5      |     0.001 |
|   pmodb_gpio_tri_iobuf_6          |     0.001 |
|   pmodb_gpio_tri_iobuf_7          |     0.001 |
|   rpi_gpio_tri_iobuf_0            |     0.001 |
|   rpi_gpio_tri_iobuf_1            |     0.001 |
|   rpi_gpio_tri_iobuf_13           |     0.001 |
|   rpi_gpio_tri_iobuf_2            |     0.001 |
|   rpi_gpio_tri_iobuf_3            |     0.001 |
|   rpi_gpio_tri_iobuf_5            |     0.001 |
|   rpi_gpio_tri_iobuf_7            |     0.001 |
|   rpi_gpio_tri_iobuf_9            |     0.001 |
+-----------------------------------+-----------+


